<?xml version="1.0" encoding="UTF-8"?>
<!-- Generated by org.testng.reporters.JUnitReportReporter -->
<testsuite hostname="debian" name="org.elasticsearch.webhooks.test.WebHooksTests" tests="1" failures="0" timestamp="16 Aug 2011 18:29:02 GMT" time="0.139" errors="0">
  <testcase name="testNothing" time="0.139" classname="org.elasticsearch.webhooks.test.WebHooksTests"/>
</testsuite>
