<?xml version="1.0" encoding="UTF-8"?>
<!-- Generated by org.testng.reporters.JUnitReportReporter -->
<testsuite hostname="debian" name="org.elasticsearch.webhooks.test.WebHooksTests" tests="1" failures="0" timestamp="17 Aug 2011 00:13:31 GMT" time="0.122" errors="0">
  <testcase name="testNothing" time="0.122" classname="org.elasticsearch.webhooks.test.WebHooksTests"/>
</testsuite>
